2025-05-03 11:10:12,041 [INFO] Activator:176 - 


2025-05-03 11:10:12,046 [INFO] Activator:177 - !SESSION log4j initialized
2025-05-03 11:10:16,607 [INFO] LogOutputStream:77 - [STDOUT_REDIRECT] 
2025-05-03 11:10:19,969 [INFO] ApplicationProperties:184 - Using Application install path: C:\STM\STM32CubeIDE_1.14.1\STM32CubeIDE\plugins\com.st.stm32cube.common.mx_6.10.0.202311202037
2025-05-03 11:10:20,006 [INFO] DbMcusXml:78 - Set database path to: C:\STM\STM32CubeIDE_1.14.1\STM32CubeIDE\plugins\com.st.stm32cube.common.mx_6.10.0.202311202037\\db\/mcu/
2025-05-03 11:10:20,007 [INFO] ApiDb:274 - Set plugin database path to: C:\STM\STM32CubeIDE_1.14.1\STM32CubeIDE\plugins\com.st.stm32cube.common.mx_6.10.0.202311202037\\db\/plugins/boardmanager/
2025-05-03 11:10:20,009 [WARN] ApiDb:259 - Overriding images path with different value:  => C:\STM\STM32CubeIDE_1.14.1\STM32CubeIDE\plugins\com.st.stm32cube.common.mx_6.10.0.202311202037\\db\/plugins/mcufinder/images/
2025-05-03 11:10:20,022 [INFO] ApiDb:250 - Set database path to: C:\Users\pierr\.stmcufinder\plugins\mcufinder//mcu/
2025-05-03 11:10:20,025 [INFO] DbMcusAds:125 - Set database path to: C:\Users\pierr\.stmcufinder\plugins\mcufinder//mcu/
2025-05-03 11:10:20,032 [INFO] CrossReferenceDbSqlite:203 - Set database path to: C:\Users\pierr\.stmcufinder\plugins\mcufinder//mcu/cs/
2025-05-03 11:10:20,284 [INFO] RulesReader:64 - Compatibility file has been processed (297 Rules)
2025-05-03 11:10:20,427 [INFO] DbMcusXml:78 - Set database path to: C:\STM\STM32CubeIDE_1.14.1\STM32CubeIDE\plugins\com.st.stm32cube.common.mx_6.10.0.202311202037\\db\/mcu/
2025-05-03 11:10:20,427 [INFO] ApiDb:274 - Set plugin database path to: C:\STM\STM32CubeIDE_1.14.1\STM32CubeIDE\plugins\com.st.stm32cube.common.mx_6.10.0.202311202037\\db\/plugins/boardmanager/
2025-05-03 11:10:20,428 [INFO] ApiDb:261 - Set plugin images path to: C:\STM\STM32CubeIDE_1.14.1\STM32CubeIDE\plugins\com.st.stm32cube.common.mx_6.10.0.202311202037\\db\/plugins/mcufinder/images/
2025-05-03 11:10:20,428 [WARN] DbFile:41 - Overriding database path with different value: C:\Users\pierr\.stmcufinder\plugins\mcufinder/ => C:\Users\pierr\.stmcufinder\plugins\mcufinder
2025-05-03 11:10:20,428 [INFO] ApiDb:250 - Set database path to: C:\Users\pierr\.stmcufinder\plugins\mcufinder//mcu/
2025-05-03 11:10:20,429 [WARN] DbFile:41 - Overriding database path with different value: C:\Users\pierr\.stmcufinder\plugins\mcufinder/ => C:\Users\pierr\.stmcufinder\plugins\mcufinder
2025-05-03 11:10:20,429 [INFO] DbMcusAds:125 - Set database path to: C:\Users\pierr\.stmcufinder\plugins\mcufinder//mcu/
2025-05-03 11:10:20,429 [WARN] DbFile:41 - Overriding database path with different value: C:\Users\pierr\.stmcufinder\plugins\mcufinder/ => C:\Users\pierr\.stmcufinder\plugins\mcufinder
2025-05-03 11:10:20,429 [WARN] DbFile:41 - Overriding database path with different value: C:\Users\pierr\.stmcufinder\plugins\mcufinder/ => C:\Users\pierr\.stmcufinder\plugins\mcufinder
2025-05-03 11:10:20,429 [INFO] CrossReferenceDbSqlite:203 - Set database path to: C:\Users\pierr\.stmcufinder\plugins\mcufinder//mcu/cs/
2025-05-03 11:10:20,545 [INFO] MainPanel:264 - HeapMemory: 268435456
2025-05-03 11:10:20,653 [INFO] DbMcusXml:78 - Set database path to: C:\STM\STM32CubeIDE_1.14.1\STM32CubeIDE\plugins\com.st.stm32cube.common.mx_6.10.0.202311202037\\db\/mcu/
2025-05-03 11:10:20,653 [INFO] ApiDb:274 - Set plugin database path to: C:\STM\STM32CubeIDE_1.14.1\STM32CubeIDE\plugins\com.st.stm32cube.common.mx_6.10.0.202311202037\\db\/plugins/boardmanager/
2025-05-03 11:10:20,653 [INFO] ApiDb:261 - Set plugin images path to: C:\STM\STM32CubeIDE_1.14.1\STM32CubeIDE\plugins\com.st.stm32cube.common.mx_6.10.0.202311202037\\db\/plugins/mcufinder/images/
2025-05-03 11:10:20,655 [WARN] DbFile:41 - Overriding database path with different value: C:\Users\pierr\.stmcufinder\plugins\mcufinder/ => C:\Users\pierr\.stmcufinder\plugins\mcufinder
2025-05-03 11:10:20,655 [INFO] ApiDb:250 - Set database path to: C:\Users\pierr\.stmcufinder\plugins\mcufinder//mcu/
2025-05-03 11:10:20,655 [WARN] DbFile:41 - Overriding database path with different value: C:\Users\pierr\.stmcufinder\plugins\mcufinder/ => C:\Users\pierr\.stmcufinder\plugins\mcufinder
2025-05-03 11:10:20,655 [INFO] DbMcusAds:125 - Set database path to: C:\Users\pierr\.stmcufinder\plugins\mcufinder//mcu/
2025-05-03 11:10:20,655 [WARN] DbFile:41 - Overriding database path with different value: C:\Users\pierr\.stmcufinder\plugins\mcufinder/ => C:\Users\pierr\.stmcufinder\plugins\mcufinder
2025-05-03 11:10:20,656 [WARN] DbFile:41 - Overriding database path with different value: C:\Users\pierr\.stmcufinder\plugins\mcufinder/ => C:\Users\pierr\.stmcufinder\plugins\mcufinder
2025-05-03 11:10:20,656 [INFO] CrossReferenceDbSqlite:203 - Set database path to: C:\Users\pierr\.stmcufinder\plugins\mcufinder//mcu/cs/
2025-05-03 11:10:20,704 [INFO] ApplicationProperties:184 - Using Application install path: C:\STM\STM32CubeIDE_1.14.1\STM32CubeIDE\plugins\com.st.stm32cube.common.mx_6.10.0.202311202037
2025-05-03 11:10:20,706 [INFO] PluginManage:196 - Search for loadable plugins [exclusion list=, ]
2025-05-03 11:10:20,709 [INFO] PluginManage:310 - Check plugin analytics
2025-05-03 11:10:21,079 [INFO] AnalyticsPlugin:253 - Accepted Software Licenses: STM32CubeMX.6.13.0
2025-05-03 11:10:21,083 [INFO] AnalyticsPlugin:255 - Accepted CMSIS Pack Licenses: 
2025-05-03 11:10:21,085 [INFO] AnalyticsPlugin:257 - Accepted Firmware Licenses: 
2025-05-03 11:10:21,091 [INFO] PluginManage:359 - Loaded plugin analytics (category:tool,tabindex:-1)
2025-05-03 11:10:21,092 [INFO] PluginManage:310 - Check plugin cadmodel
2025-05-03 11:10:21,098 [INFO] CADModel:105 - Init CAD model plugin
2025-05-03 11:10:21,098 [INFO] PluginManage:359 - Loaded plugin cadmodel (category:power,tabindex:5)
2025-05-03 11:10:21,098 [INFO] PluginManage:310 - Check plugin clock
2025-05-03 11:10:21,116 [INFO] PluginManage:359 - Loaded plugin clock (category:base,tabindex:2)
2025-05-03 11:10:21,117 [INFO] PluginManage:310 - Check plugin ddr
2025-05-03 11:10:21,122 [INFO] PluginManage:359 - Loaded plugin ddr (category:tool,tabindex:6)
2025-05-03 11:10:21,122 [INFO] PluginManage:310 - Check plugin filemanager
2025-05-03 11:10:21,406 [INFO] PluginManage:359 - Loaded plugin filemanager (category:base,tabindex:10)
2025-05-03 11:10:21,406 [INFO] PluginManage:310 - Check plugin ipmanager
2025-05-03 11:10:21,419 [INFO] PluginManage:359 - Loaded plugin ipmanager (category:base,tabindex:5)
2025-05-03 11:10:21,419 [INFO] PluginManage:310 - Check plugin lpbam
2025-05-03 11:10:21,432 [INFO] PluginManage:359 - Loaded plugin lpbam (category:base,tabindex:0)
2025-05-03 11:10:21,432 [INFO] PluginManage:310 - Check plugin memorymap
2025-05-03 11:10:21,460 [INFO] PluginManage:359 - Loaded plugin memorymap (category:base,tabindex:4)
2025-05-03 11:10:21,460 [INFO] PluginManage:310 - Check plugin pinoutandconfiguration
2025-05-03 11:10:21,477 [INFO] PluginManage:359 - Loaded plugin pinoutandconfiguration (category:base,tabindex:1)
2025-05-03 11:10:21,477 [INFO] PluginManage:310 - Check plugin pinoutconfig
2025-05-03 11:10:21,653 [WARN] SupportedApi:132 - Cannot load RTOS API schema: s4s-elt-must-match.1: The content of 'definitions' must match (annotation?, (simpleType | complexType)?, (unique | key | keyref)*)). A problem was found starting at: attribute.
2025-05-03 11:10:21,959 [INFO] PluginManage:359 - Loaded plugin pinoutconfig (category:base,tabindex:0)
2025-05-03 11:10:21,959 [INFO] PluginManage:310 - Check plugin power
2025-05-03 11:10:21,972 [INFO] PluginManage:359 - Loaded plugin power (category:power,tabindex:4)
2025-05-03 11:10:21,973 [INFO] PluginManage:310 - Check plugin projectmanager
2025-05-03 11:10:21,999 [INFO] PluginManage:359 - Loaded plugin projectmanager (category:projectmanager,tabindex:3)
2025-05-03 11:10:21,999 [INFO] PluginManage:310 - Check plugin thirdparty
2025-05-03 11:10:22,206 [INFO] PluginManage:359 - Loaded plugin thirdparty (category:base,tabindex:-1)
2025-05-03 11:10:22,206 [INFO] PluginManage:310 - Check plugin tools
2025-05-03 11:10:22,206 [WARN] IntegrityCheckThread:84 - waiting for thirdparty lock release [integrity check]
2025-05-03 11:10:22,206 [INFO] IntegrityCheckThread:86 - entering critical section [integrity check]
2025-05-03 11:10:22,207 [INFO] ThirdPartyUpdaterWithRetryManager:70 - Updater plugin not ready yet. [1/15]
2025-05-03 11:10:22,211 [INFO] PluginManage:359 - Loaded plugin tools (category:base,tabindex:7)
2025-05-03 11:10:22,211 [INFO] PluginManage:310 - Check plugin tutovideos
2025-05-03 11:10:22,569 [INFO] PluginManage:359 - Loaded plugin tutovideos (category:base,tabindex:-1)
2025-05-03 11:10:22,570 [INFO] PluginManage:310 - Check plugin updater
2025-05-03 11:10:22,589 [INFO] PluginManage:359 - Loaded plugin updater (category:base,tabindex:12)
2025-05-03 11:10:22,589 [INFO] PluginManage:310 - Check plugin userauth
2025-05-03 11:10:22,599 [INFO] UserAuth:114 - Init User Auth plugin
2025-05-03 11:10:22,599 [INFO] PluginManage:359 - Loaded plugin userauth (category:base,tabindex:14)
2025-05-03 11:10:22,600 [INFO] PluginManage:283 - PluginManage : Loaded plugins [17]
2025-05-03 11:10:23,145 [INFO] PinOutPanel:1499 - setPackage(No Configuration,No Configuration)
2025-05-03 11:10:23,422 [INFO] CADModel:165 - CPN selected for project level
2025-05-03 11:10:23,422 [INFO] CADModel:114 - Register for checkConnection events
2025-05-03 11:10:23,487 [INFO] IPUIPlugin:80 - create IPUIPlugin
2025-05-03 11:10:23,487 [INFO] PluginManager:220 - loadIPPluginJar : add adc
2025-05-03 11:10:23,495 [INFO] IPUIPlugin:80 - create IPUIPlugin
2025-05-03 11:10:23,495 [INFO] PluginManager:220 - loadIPPluginJar : add aes
2025-05-03 11:10:23,506 [INFO] IPUIPlugin:80 - create IPUIPlugin
2025-05-03 11:10:23,506 [INFO] PluginManager:220 - loadIPPluginJar : add can
2025-05-03 11:10:23,512 [INFO] IPUIPlugin:80 - create IPUIPlugin
2025-05-03 11:10:23,512 [INFO] PluginManager:220 - loadIPPluginJar : add comp
2025-05-03 11:10:23,521 [INFO] IPUIPlugin:80 - create IPUIPlugin
2025-05-03 11:10:23,521 [INFO] PluginManager:220 - loadIPPluginJar : add cryp
2025-05-03 11:10:23,528 [INFO] IPUIPlugin:80 - create IPUIPlugin
2025-05-03 11:10:23,528 [INFO] PluginManager:220 - loadIPPluginJar : add dfsdm
2025-05-03 11:10:23,548 [INFO] IPUIPlugin:80 - create IPUIPlugin
2025-05-03 11:10:23,548 [INFO] PluginManager:220 - loadIPPluginJar : add dma
2025-05-03 11:10:23,553 [INFO] IPUIPlugin:80 - create IPUIPlugin
2025-05-03 11:10:23,553 [INFO] PluginManager:220 - loadIPPluginJar : add dma3
2025-05-03 11:10:23,565 [INFO] IPUIPlugin:80 - create IPUIPlugin
2025-05-03 11:10:23,567 [INFO] PluginManager:220 - loadIPPluginJar : add fatfs
2025-05-03 11:10:23,584 [INFO] IPUIPlugin:80 - create IPUIPlugin
2025-05-03 11:10:23,584 [INFO] PluginManager:220 - loadIPPluginJar : add fmc
2025-05-03 11:10:23,605 [INFO] IPUIPlugin:80 - create IPUIPlugin
2025-05-03 11:10:23,607 [INFO] PluginManager:220 - loadIPPluginJar : add freertos
2025-05-03 11:10:23,612 [INFO] IPUIPlugin:80 - create IPUIPlugin
2025-05-03 11:10:23,612 [INFO] PluginManager:220 - loadIPPluginJar : add genericplugin
2025-05-03 11:10:23,623 [INFO] IPUIPlugin:80 - create IPUIPlugin
2025-05-03 11:10:23,623 [INFO] PluginManager:220 - loadIPPluginJar : add gfxmmu
2025-05-03 11:10:23,641 [INFO] IPUIPlugin:80 - create IPUIPlugin
2025-05-03 11:10:23,642 [INFO] PluginManager:220 - loadIPPluginJar : add gic
2025-05-03 11:10:23,657 [INFO] IPUIPlugin:80 - create IPUIPlugin
2025-05-03 11:10:23,657 [INFO] PluginManager:220 - loadIPPluginJar : add gpio
2025-05-03 11:10:23,671 [INFO] IPUIPlugin:80 - create IPUIPlugin
2025-05-03 11:10:23,671 [INFO] PluginManager:220 - loadIPPluginJar : add gtzc
2025-05-03 11:10:23,683 [INFO] IPUIPlugin:80 - create IPUIPlugin
2025-05-03 11:10:23,683 [INFO] PluginManager:220 - loadIPPluginJar : add hash
2025-05-03 11:10:23,698 [INFO] IPUIPlugin:80 - create IPUIPlugin
2025-05-03 11:10:23,698 [INFO] PluginManager:220 - loadIPPluginJar : add i2c
2025-05-03 11:10:23,712 [INFO] IPUIPlugin:80 - create IPUIPlugin
2025-05-03 11:10:23,713 [INFO] PluginManager:220 - loadIPPluginJar : add i2s
2025-05-03 11:10:23,725 [INFO] IPUIPlugin:80 - create IPUIPlugin
2025-05-03 11:10:23,725 [INFO] PluginManager:220 - loadIPPluginJar : add i3c
2025-05-03 11:10:23,743 [INFO] IPUIPlugin:80 - create IPUIPlugin
2025-05-03 11:10:23,743 [INFO] PluginManager:220 - loadIPPluginJar : add ipddr
2025-05-03 11:10:23,774 [INFO] IPUIPlugin:80 - create IPUIPlugin
2025-05-03 11:10:23,774 [INFO] PluginManager:220 - loadIPPluginJar : add linkedlist
2025-05-03 11:10:23,787 [INFO] IPUIPlugin:80 - create IPUIPlugin
2025-05-03 11:10:23,789 [INFO] PluginManager:220 - loadIPPluginJar : add lorawan
2025-05-03 11:10:23,795 [INFO] IPUIPlugin:80 - create IPUIPlugin
2025-05-03 11:10:23,795 [INFO] PluginManager:220 - loadIPPluginJar : add ltdc
2025-05-03 11:10:23,822 [INFO] IPUIPlugin:80 - create IPUIPlugin
2025-05-03 11:10:23,822 [INFO] PluginManager:220 - loadIPPluginJar : add mdma
2025-05-03 11:10:23,838 [INFO] IPUIPlugin:80 - create IPUIPlugin
2025-05-03 11:10:23,840 [INFO] PluginManager:220 - loadIPPluginJar : add nvic
2025-05-03 11:10:23,853 [INFO] IPUIPlugin:80 - create IPUIPlugin
2025-05-03 11:10:23,853 [INFO] PluginManager:220 - loadIPPluginJar : add opamp
2025-05-03 11:10:23,866 [INFO] IPUIPlugin:80 - create IPUIPlugin
2025-05-03 11:10:23,866 [INFO] PluginManager:220 - loadIPPluginJar : add openamp
2025-05-03 11:10:23,877 [INFO] IPUIPlugin:80 - create IPUIPlugin
2025-05-03 11:10:23,879 [INFO] PluginManager:220 - loadIPPluginJar : add pdm2pcm
2025-05-03 11:10:23,903 [INFO] IPUIPlugin:80 - create IPUIPlugin
2025-05-03 11:10:23,912 [INFO] PluginManager:220 - loadIPPluginJar : add plateformsettings
2025-05-03 11:10:23,919 [INFO] IPUIPlugin:80 - create IPUIPlugin
2025-05-03 11:10:23,921 [INFO] PluginManager:220 - loadIPPluginJar : add quadspi
2025-05-03 11:10:23,930 [INFO] IPUIPlugin:80 - create IPUIPlugin
2025-05-03 11:10:23,930 [INFO] PluginManager:220 - loadIPPluginJar : add resmgrutility
2025-05-03 11:10:23,934 [INFO] IPUIPlugin:80 - create IPUIPlugin
2025-05-03 11:10:23,934 [INFO] PluginManager:220 - loadIPPluginJar : add sai
2025-05-03 11:10:23,942 [INFO] IPUIPlugin:80 - create IPUIPlugin
2025-05-03 11:10:23,943 [INFO] PluginManager:220 - loadIPPluginJar : add spi
2025-05-03 11:10:23,947 [INFO] IPUIPlugin:80 - create IPUIPlugin
2025-05-03 11:10:23,947 [INFO] PluginManager:220 - loadIPPluginJar : add stm32_wpan
2025-05-03 11:10:23,954 [INFO] IPUIPlugin:80 - create IPUIPlugin
2025-05-03 11:10:23,954 [INFO] PluginManager:220 - loadIPPluginJar : add tim
2025-05-03 11:10:23,954 [INFO] IPUIPlugin:80 - create IPUIPlugin
2025-05-03 11:10:23,954 [INFO] PluginManager:220 - loadIPPluginJar : add touchsensing
2025-05-03 11:10:23,962 [INFO] IPUIPlugin:80 - create IPUIPlugin
2025-05-03 11:10:23,963 [INFO] PluginManager:220 - loadIPPluginJar : add tracer_emb
2025-05-03 11:10:23,966 [INFO] IPUIPlugin:80 - create IPUIPlugin
2025-05-03 11:10:23,966 [INFO] PluginManager:220 - loadIPPluginJar : add ts
2025-05-03 11:10:23,966 [INFO] IPUIPlugin:80 - create IPUIPlugin
2025-05-03 11:10:23,966 [INFO] PluginManager:220 - loadIPPluginJar : add tsc
2025-05-03 11:10:23,973 [INFO] IPUIPlugin:80 - create IPUIPlugin
2025-05-03 11:10:23,973 [INFO] PluginManager:220 - loadIPPluginJar : add ucpd
2025-05-03 11:10:23,978 [INFO] IPUIPlugin:80 - create IPUIPlugin
2025-05-03 11:10:23,978 [INFO] PluginManager:220 - loadIPPluginJar : add usart
2025-05-03 11:10:23,982 [INFO] IPUIPlugin:80 - create IPUIPlugin
2025-05-03 11:10:23,982 [INFO] PluginManager:220 - loadIPPluginJar : add usbx
2025-05-03 11:10:24,175 [INFO] CADModel:165 - CPN selected for project level
2025-05-03 11:10:24,175 [INFO] CADModel:114 - Register for checkConnection events
2025-05-03 11:10:24,175 [FATAL] Updater:308 - Updater called before beeing initialized
2025-05-03 11:10:24,175 [ERROR] CADModel:125 - Updater not yet initialized, retry later 
2025-05-03 11:10:24,599 [INFO] CADModel:165 - CPN selected for project level
2025-05-03 11:10:24,599 [INFO] CADModel:114 - Register for checkConnection events
2025-05-03 11:10:24,599 [FATAL] Updater:308 - Updater called before beeing initialized
2025-05-03 11:10:24,599 [ERROR] CADModel:125 - Updater not yet initialized, retry later 
2025-05-03 11:10:24,604 [FATAL] Updater:308 - Updater called before beeing initialized
2025-05-03 11:10:24,759 [FATAL] Updater:308 - Updater called before beeing initialized
2025-05-03 11:10:24,774 [INFO] DbMcusAds:53 - JSON generation date=Tue Dec 17 17:01:15 CET 2024 (1734451275222)
2025-05-03 11:10:24,774 [FATAL] Updater:308 - Updater called before beeing initialized
2025-05-03 11:10:24,824 [WARN] DetailPanel:346 - Failed to get advertising image, set to default
2025-05-03 11:10:25,024 [FATAL] Updater:308 - Updater called before beeing initialized
2025-05-03 11:10:25,024 [FATAL] Updater:308 - Updater called before beeing initialized
2025-05-03 11:10:25,024 [FATAL] Updater:308 - Updater called before beeing initialized
2025-05-03 11:10:25,024 [WARN] DetailPanel:346 - Failed to get advertising image, set to default
2025-05-03 11:10:25,032 [FATAL] Updater:308 - Updater called before beeing initialized
2025-05-03 11:10:25,157 [ERROR] Updater:1120 - MainUpdater not yet initialized. External WinMGr cannot be set.
2025-05-03 11:10:25,172 [INFO] Updater:1056 - Updater Version found : 6.10.0
2025-05-03 11:10:25,218 [INFO] ThirdPartyUpdaterWithRetryManager:70 - Updater plugin not ready yet. [2/15]
2025-05-03 11:10:25,219 [INFO] ApplicationProperties:184 - Using Application install path: C:\STM\STM32CubeIDE_1.14.1\STM32CubeIDE\plugins\com.st.stm32cube.common.mx_6.10.0.202311202037
2025-05-03 11:10:26,856 [ERROR] LogOutputStream:75 - [STDERR_REDIRECT] May 03, 2025 11:10:26 AM java.util.prefs.WindowsPreferences <init>
2025-05-03 11:10:26,873 [ERROR] LogOutputStream:75 - [STDERR_REDIRECT] WARNING: Could not open/create prefs root node Software\JavaSoft\Prefs at root 0xffffffff80000002. Windows RegCreateKeyEx(...) returned error code 5.
2025-05-03 11:10:26,873 [ERROR] LogOutputStream:75 - [STDERR_REDIRECT] 
2025-05-03 11:10:27,963 [INFO] MainUpdater:2873 - connection check result : 10
2025-05-03 11:10:27,965 [INFO] MainUpdater:290 - Updater Check For Update Now.
2025-05-03 11:10:27,967 [INFO] MicroXplorer:498 - Change Database Version : DB.6.0.100
2025-05-03 11:10:27,992 [INFO] McuFinderGlobals:63 - Set McuFinder mode to 2 (CubeIDE integrated)
2025-05-03 11:10:28,231 [WARN] MainUpdater:1194 - Updater busy. Cannot search thirdparties
2025-05-03 11:10:28,231 [INFO] ThirdPartyUpdaterWithRetryManager:96 - Updater plugin is busy. [1/15]
2025-05-03 11:10:28,295 [INFO] CheckServerUpdateThread:120 - End of CheckServer Thread
2025-05-03 11:10:28,346 [INFO] UserAuth:404 - Internet connection configuration mode: 1
2025-05-03 11:10:28,370 [INFO] JxBrowserEngine:152 - Initiate JxBrowser Engine with user profile folder
2025-05-03 11:10:29,674 [INFO] WebApp:161 - Instantiating new browser for Auth
2025-05-03 11:10:30,532 [INFO] WebApp:780 - Register for checkConnection events
2025-05-03 11:10:30,534 [INFO] WebApp:414 - Apply proxy settings
2025-05-03 11:10:30,534 [INFO] WebApp:499 - Chromium requires no authentication
2025-05-03 11:10:30,548 [INFO] WebApp:442 - Direct internet connection detected
2025-05-03 11:10:30,841 [INFO] WebApp:192 - Starting web application
2025-05-03 11:10:30,842 [INFO] WebApp:544 - Web application path used C:\STM\STM32CubeIDE_1.14.1\STM32CubeIDE\plugins\com.st.stm32cube.common.mx_6.10.0.202311202037\db\plugins\mcufinder\reactClient1\index.html
2025-05-03 11:10:31,704 [WARN] PackLoader:240 - Cannot read IP mode file for STMicroelectronics.FP-SNS-MOTENVWB1.1.4.0
2025-05-03 11:10:31,721 [WARN] PackLoader:240 - Cannot read IP mode file for STMicroelectronics.FP-ATR-ASTRA1.2.0.2
2025-05-03 11:10:31,729 [WARN] PackLoader:240 - Cannot read IP mode file for STMicroelectronics.FP-ATR-ASTRA1.2.0.1
2025-05-03 11:10:31,756 [WARN] PackLoader:240 - Cannot read IP mode file for STMicroelectronics.X-CUBE-SMBUS.2.1.0
2025-05-03 11:10:31,772 [WARN] PackLoader:240 - Cannot read IP mode file for STMicroelectronics.X-CUBE-WB05N.1.1.0
2025-05-03 11:10:31,783 [WARN] PackLoader:240 - Cannot read IP mode file for STMicroelectronics.X-CUBE-TOUCHGFX.4.23.1
2025-05-03 11:10:31,788 [WARN] PackLoader:240 - Cannot read IP mode file for STMicroelectronics.X-CUBE-TOUCHGFX.4.23.0
2025-05-03 11:10:31,792 [WARN] PackLoader:240 - Cannot read IP mode file for STMicroelectronics.X-CUBE-TOUCHGFX.4.23.2
2025-05-03 11:10:31,857 [WARN] PackLoader:240 - Cannot read IP mode file for STMicroelectronics.X-CUBE-AZRTOS-F7.1.1.0
2025-05-03 11:10:31,876 [WARN] PackLoader:240 - Cannot read IP mode file for STMicroelectronics.FP-SNS-MOTENV1.4.3.2
2025-05-03 11:10:32,015 [WARN] PackLoader:240 - Cannot read IP mode file for STMicroelectronics.X-CUBE-MEMS1.11.0.0
2025-05-03 11:10:32,355 [WARN] PackLoader:240 - Cannot read IP mode file for STMicroelectronics.FP-SNS-FLIGHT1.5.0.2
2025-05-03 11:10:32,365 [WARN] PackLoader:240 - Cannot read IP mode file for STMicroelectronics.X-CUBE-DISPLAY.3.0.0
2025-05-03 11:10:32,378 [WARN] PackLoader:240 - Cannot read IP mode file for STMicroelectronics.X-CUBE-BLE1.7.0.0
2025-05-03 11:10:32,388 [WARN] PackLoader:240 - Cannot read IP mode file for STMicroelectronics.X-CUBE-NFC10.1.0.0
2025-05-03 11:10:32,405 [WARN] PackLoader:240 - Cannot read IP mode file for STMicroelectronics.X-CUBE-BLEMGR.4.0.0
2025-05-03 11:10:32,418 [WARN] PackLoader:240 - Cannot read IP mode file for emotas.I-CUBE-CANOPEN.1.3.0
2025-05-03 11:10:32,429 [WARN] PackLoader:240 - Cannot read IP mode file for STMicroelectronics.X-CUBE-BLEMGR.3.1.0
2025-05-03 11:10:32,441 [WARN] PackLoader:240 - Cannot read IP mode file for STMicroelectronics.X-CUBE-AI.10.0.0
2025-05-03 11:10:32,447 [WARN] PackLoader:240 - Cannot read IP mode file for STMicroelectronics.FP-SNS-SMARTAG2.1.2.0
2025-05-03 11:10:32,451 [ERROR] Engine:466 - C:\Users\pierr\.stm32cubemx\thirdparties\pdsc\STMicroelectronics.FP-SNS-FLIGHT1.5.1.0.pdsc: PDSC version is not supported
2025-05-03 11:10:32,534 [WARN] PackLoader:240 - Cannot read IP mode file for STMicroelectronics.X-CUBE-MEMS1.11.1.0
2025-05-03 11:10:32,709 [INFO] LogOutputStream:77 - [STDOUT_REDIRECT] 1 : Invalid condition id : UX_CORESTACK_Condition cause : null
2025-05-03 11:10:32,710 [INFO] LogOutputStream:77 - [STDOUT_REDIRECT] 1 : Invalid condition id : UX_CORESTACK_Condition cause : null
2025-05-03 11:10:32,712 [INFO] LogOutputStream:77 - [STDOUT_REDIRECT] 1 : Invalid condition id : UX_CORESTACK_Condition cause : null
2025-05-03 11:10:32,714 [INFO] LogOutputStream:77 - [STDOUT_REDIRECT] 1 : Invalid condition id : UX_CORESTACK_Condition cause : null
2025-05-03 11:10:32,716 [INFO] LogOutputStream:77 - [STDOUT_REDIRECT] 1 : Invalid condition id : UX_CORESTACK_Condition cause : null
2025-05-03 11:10:32,722 [WARN] PackLoader:240 - Cannot read IP mode file for STMicroelectronics.X-CUBE-AZRTOS-WL.2.0.0
2025-05-03 11:10:32,730 [WARN] PackLoader:240 - Cannot read IP mode file for STMicroelectronics.FP-SNS-MOTENV1.5.0.0
2025-05-03 11:10:32,739 [WARN] PackLoader:240 - Cannot read IP mode file for wolfSSL.I-CUBE-wolfMQTT.1.19.0
2025-05-03 11:10:32,749 [WARN] PackLoader:240 - Cannot read IP mode file for WES.I-CUBE-Cesium.1.3.0
2025-05-03 11:10:32,758 [WARN] PackLoader:240 - Cannot read IP mode file for STMicroelectronics.X-CUBE-BLE2.3.3.0
2025-05-03 11:10:32,765 [WARN] PackLoader:240 - Cannot read IP mode file for STMicroelectronics.X-CUBE-NFC9.1.0.0
2025-05-03 11:10:32,774 [WARN] PackLoader:240 - Cannot read IP mode file for STMicroelectronics.X-CUBE-BLE1.7.1.0
2025-05-03 11:10:32,795 [WARN] PackLoader:240 - Cannot read IP mode file for STMicroelectronics.X-CUBE-TCPP.4.1.0
2025-05-03 11:10:32,808 [WARN] PackLoader:240 - Cannot read IP mode file for STMicroelectronics.X-CUBE-ALGOBUILD.1.3.0
2025-05-03 11:10:32,892 [WARN] PackLoader:240 - Cannot read IP mode file for STMicroelectronics.X-CUBE-MEMS1.11.2.0
2025-05-03 11:10:33,080 [WARN] PackLoader:240 - Cannot read IP mode file for STMicroelectronics.X-CUBE-AZRTOS-G0.1.1.0
2025-05-03 11:10:33,092 [WARN] PackLoader:240 - Cannot read IP mode file for STMicroelectronics.X-CUBE-SAFEA1.1.2.2
2025-05-03 11:10:33,099 [WARN] PackLoader:240 - Cannot read IP mode file for STMicroelectronics.X-CUBE-NFC4.3.0.0
2025-05-03 11:10:33,118 [WARN] PackLoader:240 - Cannot read IP mode file for EmbeddedOffice.I-CUBE-FS-RTOS.1.0.1
2025-05-03 11:10:33,118 [ERROR] ConditionMgr:805 - Attr not supported : Dmpu
2025-05-03 11:10:33,119 [ERROR] ConditionMgr:805 - Attr not supported : Dmpu
2025-05-03 11:10:33,119 [ERROR] ConditionMgr:805 - Attr not supported : Dmpu
2025-05-03 11:10:33,120 [ERROR] ConditionMgr:805 - Attr not supported : Dmpu
2025-05-03 11:10:33,120 [ERROR] ConditionMgr:805 - Attr not supported : Dmpu
2025-05-03 11:10:33,120 [ERROR] ConditionMgr:805 - Attr not supported : Dmpu
2025-05-03 11:10:33,120 [ERROR] ConditionMgr:805 - Attr not supported : Dmpu
2025-05-03 11:10:33,120 [ERROR] ConditionMgr:805 - Attr not supported : Dmpu
2025-05-03 11:10:33,121 [ERROR] ConditionMgr:805 - Attr not supported : Dmpu
2025-05-03 11:10:33,121 [ERROR] ConditionMgr:805 - Attr not supported : Dmpu
2025-05-03 11:10:33,121 [ERROR] ConditionMgr:805 - Attr not supported : Dmpu
2025-05-03 11:10:33,121 [ERROR] ConditionMgr:805 - Attr not supported : Dmpu
2025-05-03 11:10:33,121 [ERROR] ConditionMgr:805 - Attr not supported : Dmpu
2025-05-03 11:10:33,122 [ERROR] ConditionMgr:805 - Attr not supported : Dmpu
2025-05-03 11:10:33,122 [ERROR] ConditionMgr:805 - Attr not supported : Dmpu
2025-05-03 11:10:33,122 [ERROR] ConditionMgr:805 - Attr not supported : Dmpu
2025-05-03 11:10:33,122 [ERROR] ConditionMgr:805 - Attr not supported : Dmpu
2025-05-03 11:10:33,123 [ERROR] ConditionMgr:805 - Attr not supported : Dmpu
2025-05-03 11:10:33,123 [ERROR] ConditionMgr:805 - Attr not supported : Dmpu
2025-05-03 11:10:33,124 [ERROR] ConditionMgr:805 - Attr not supported : Dmpu
2025-05-03 11:10:33,124 [ERROR] ConditionMgr:805 - Attr not supported : Dmpu
2025-05-03 11:10:33,124 [ERROR] ConditionMgr:805 - Attr not supported : Dmpu
2025-05-03 11:10:33,124 [ERROR] ConditionMgr:805 - Attr not supported : Dmpu
2025-05-03 11:10:33,124 [ERROR] ConditionMgr:805 - Attr not supported : Dmpu
2025-05-03 11:10:33,124 [ERROR] ConditionMgr:805 - Attr not supported : Dmpu
2025-05-03 11:10:33,124 [ERROR] ConditionMgr:805 - Attr not supported : Dmpu
2025-05-03 11:10:33,125 [ERROR] ConditionMgr:805 - Attr not supported : Dmpu
2025-05-03 11:10:33,125 [ERROR] ConditionMgr:805 - Attr not supported : Dmpu
2025-05-03 11:10:33,125 [ERROR] ConditionMgr:805 - Attr not supported : Dmpu
2025-05-03 11:10:33,125 [ERROR] ConditionMgr:805 - Attr not supported : Dmpu
2025-05-03 11:10:33,125 [ERROR] ConditionMgr:805 - Attr not supported : Dmpu
2025-05-03 11:10:33,125 [ERROR] ConditionMgr:805 - Attr not supported : Dmpu
2025-05-03 11:10:33,125 [ERROR] ConditionMgr:805 - Attr not supported : Dmpu
2025-05-03 11:10:33,126 [ERROR] ConditionMgr:805 - Attr not supported : Dmpu
2025-05-03 11:10:33,126 [ERROR] ConditionMgr:805 - Attr not supported : Dmpu
2025-05-03 11:10:33,126 [ERROR] ConditionMgr:805 - Attr not supported : Dmpu
2025-05-03 11:10:33,126 [ERROR] ConditionMgr:805 - Attr not supported : Dmpu
2025-05-03 11:10:33,126 [ERROR] ConditionMgr:805 - Attr not supported : Dmpu
2025-05-03 11:10:33,126 [ERROR] ConditionMgr:805 - Attr not supported : Dmpu
2025-05-03 11:10:33,127 [ERROR] ConditionMgr:805 - Attr not supported : Dmpu
2025-05-03 11:10:33,127 [ERROR] ConditionMgr:805 - Attr not supported : Dmpu
2025-05-03 11:10:33,127 [ERROR] ConditionMgr:805 - Attr not supported : Dmpu
2025-05-03 11:10:33,127 [ERROR] ConditionMgr:805 - Attr not supported : Dmpu
2025-05-03 11:10:33,127 [ERROR] ConditionMgr:805 - Attr not supported : Dmpu
2025-05-03 11:10:33,127 [ERROR] ConditionMgr:805 - Attr not supported : Dmpu
2025-05-03 11:10:33,128 [ERROR] ConditionMgr:805 - Attr not supported : Dmpu
2025-05-03 11:10:33,128 [ERROR] ConditionMgr:805 - Attr not supported : Dmpu
2025-05-03 11:10:33,128 [ERROR] ConditionMgr:805 - Attr not supported : Dmpu
2025-05-03 11:10:33,128 [ERROR] ConditionMgr:805 - Attr not supported : Dmpu
2025-05-03 11:10:33,128 [ERROR] ConditionMgr:805 - Attr not supported : Dmpu
2025-05-03 11:10:33,128 [ERROR] ConditionMgr:805 - Attr not supported : Dmpu
2025-05-03 11:10:33,129 [ERROR] ConditionMgr:805 - Attr not supported : Dmpu
2025-05-03 11:10:33,129 [ERROR] ConditionMgr:805 - Attr not supported : Dmpu
2025-05-03 11:10:33,129 [ERROR] ConditionMgr:805 - Attr not supported : Dmpu
2025-05-03 11:10:33,129 [ERROR] ConditionMgr:805 - Attr not supported : Dmpu
2025-05-03 11:10:33,129 [ERROR] ConditionMgr:805 - Attr not supported : Dmpu
2025-05-03 11:10:33,129 [ERROR] ConditionMgr:805 - Attr not supported : Dmpu
2025-05-03 11:10:33,130 [ERROR] ConditionMgr:805 - Attr not supported : Dmpu
2025-05-03 11:10:33,130 [ERROR] ConditionMgr:805 - Attr not supported : Dmpu
2025-05-03 11:10:33,130 [ERROR] ConditionMgr:805 - Attr not supported : Dmpu
2025-05-03 11:10:33,130 [ERROR] ConditionMgr:805 - Attr not supported : Dmpu
2025-05-03 11:10:33,130 [ERROR] ConditionMgr:805 - Attr not supported : Dmpu
2025-05-03 11:10:33,130 [ERROR] ConditionMgr:805 - Attr not supported : Dmpu
2025-05-03 11:10:33,130 [ERROR] ConditionMgr:805 - Attr not supported : Dmpu
2025-05-03 11:10:33,140 [WARN] PackLoader:240 - Cannot read IP mode file for STMicroelectronics.X-CUBE-WB05N.2.0.0
2025-05-03 11:10:33,165 [WARN] PackLoader:240 - Cannot read IP mode file for STMicroelectronics.X-CUBE-BLEMGR.3.0.0
2025-05-03 11:10:33,175 [ERROR] Engine:466 - C:\Users\pierr\.stm32cubemx\thirdparties\pdsc\STMicroelectronics.X-CUBE-TCPP.4.2.0.pdsc: PDSC version is not supported
2025-05-03 11:10:33,183 [WARN] PackLoader:240 - Cannot read IP mode file for RealThread.X-CUBE-RT-Thread_Nano.4.1.1
2025-05-03 11:10:33,190 [WARN] PackLoader:240 - Cannot read IP mode file for STMicroelectronics.FP-ATR-SIGFOX1.3.2.0
2025-05-03 11:10:33,198 [WARN] ConditionMgr:438 - getConditionDescription Invalid condition id : Cortex-A Device cause : null
2025-05-03 11:10:33,248 [WARN] ConditionMgr:1039 - genDependencies : Invalid condition id : Cortex-A Device cause : null
2025-05-03 11:10:33,248 [WARN] ConditionMgr:1039 - genDependencies : Invalid condition id : Cortex-A Device cause : null
2025-05-03 11:10:33,249 [WARN] ConditionMgr:1039 - genDependencies : Invalid condition id : Cortex-A Device cause : null
2025-05-03 11:10:33,272 [WARN] PackLoader:240 - Cannot read IP mode file for STMicroelectronics.X-CUBE-EEPRMA1.5.1.0
2025-05-03 11:10:33,393 [WARN] PackLoader:240 - Cannot read IP mode file for SEGGER.I-CUBE-embOS.1.3.1
2025-05-03 11:10:33,554 [WARN] PackLoader:240 - Cannot read IP mode file for STMicroelectronics.X-CUBE-ALGOBUILD.1.4.0
2025-05-03 11:10:33,562 [WARN] PackLoader:240 - Cannot read IP mode file for STMicroelectronics.X-CUBE-AI.9.1.0
2025-05-03 11:10:33,573 [WARN] PackLoader:240 - Cannot read IP mode file for STMicroelectronics.X-CUBE-GNSS1.6.0.0
2025-05-03 11:10:33,610 [WARN] PackLoader:240 - Cannot read IP mode file for STMicroelectronics.X-CUBE-AZRTOS-F4.1.1.0
2025-05-03 11:10:33,622 [ERROR] Engine:466 - C:\Users\pierr\.stm32cubemx\thirdparties\pdsc\Avnet-IotConnect.X-CUBE-IoTC-DA16k-PMOD.1.0.0.pdsc: PDSC version is not supported
2025-05-03 11:10:33,634 [WARN] PackLoader:240 - Cannot read IP mode file for STMicroelectronics.X-CUBE-ISPU.2.1.0
2025-05-03 11:10:33,646 [WARN] PackLoader:240 - Cannot read IP mode file for STMicroelectronics.X-CUBE-FREERTOS.1.2.0
2025-05-03 11:10:33,655 [WARN] PackLoader:240 - Cannot read IP mode file for wolfSSL.I-CUBE-wolfSSL.5.6.6
2025-05-03 11:10:33,693 [WARN] PackLoader:240 - Cannot read IP mode file for STMicroelectronics.X-CUBE-AZRTOS-L5.2.0.0
2025-05-03 11:10:33,721 [WARN] PackLoader:240 - Cannot read IP mode file for STMicroelectronics.X-CUBE-NFC6.3.1.0
2025-05-03 11:10:33,739 [WARN] PackLoader:240 - Cannot read IP mode file for ITTIA_DB.I-CUBE-ITTIADB.8.8.0
2025-05-03 11:10:33,754 [WARN] PackLoader:240 - Cannot read IP mode file for STMicroelectronics.X-CUBE-DPower.1.2.0
2025-05-03 11:10:33,763 [WARN] PackLoader:240 - Cannot read IP mode file for STMicroelectronics.X-CUBE-AI.9.0.0
2025-05-03 11:10:33,773 [WARN] PackLoader:240 - Cannot read IP mode file for STMicroelectronics.X-CUBE-FREERTOS.1.3.0
2025-05-03 11:10:33,789 [WARN] PackLoader:240 - Cannot read IP mode file for STMicroelectronics.X-CUBE-NFC7.1.0.1
2025-05-03 11:10:33,806 [WARN] PackLoader:240 - Cannot read IP mode file for STMicroelectronics.X-CUBE-NFC6.3.0.0
2025-05-03 11:10:33,818 [WARN] PackLoader:240 - Cannot read IP mode file for STMicroelectronics.X-CUBE-DPower.1.3.0
2025-05-03 11:10:33,824 [WARN] PackLoader:240 - Cannot read IP mode file for STMicroelectronics.X-CUBE-AI.8.1.0
2025-05-03 11:10:33,874 [WARN] ConditionMgr:438 - getConditionDescription Invalid condition id : LAN8742 Phy interface Condition cause : null
2025-05-03 11:10:33,875 [WARN] PackLoader:240 - Cannot read IP mode file for STMicroelectronics.X-CUBE-AZRTOS-L4.2.0.0
2025-05-03 11:10:33,879 [WARN] ConditionMgr:1039 - genDependencies : Invalid condition id : LAN8742 Phy interface Condition cause : null
2025-05-03 11:10:33,879 [WARN] ConditionMgr:1039 - genDependencies : Invalid condition id : LAN8742 Phy interface Condition cause : null
2025-05-03 11:10:33,881 [WARN] ConditionMgr:1039 - genDependencies : Invalid condition id : LAN8742 Phy interface Condition cause : null
2025-05-03 11:10:33,904 [WARN] PackLoader:240 - Cannot read IP mode file for STMicroelectronics.X-CUBE-SFXS2LP1.4.0.0
2025-05-03 11:10:33,959 [WARN] PackLoader:240 - Cannot read IP mode file for STMicroelectronics.X-CUBE-AZRTOS-H7.3.3.0
2025-05-03 11:10:33,983 [WARN] PackLoader:240 - Cannot read IP mode file for STMicroelectronics.X-CUBE-IPS.3.0.0
2025-05-03 11:10:34,018 [WARN] ConditionMgr:438 - getConditionDescription Invalid condition id : UX DEVICE CLASS RTOS Condition cause : null
2025-05-03 11:10:34,019 [WARN] ConditionMgr:438 - getConditionDescription Invalid condition id : UX DEVICE CLASS RTOS Condition cause : null
2025-05-03 11:10:34,023 [WARN] PackLoader:240 - Cannot read IP mode file for STMicroelectronics.X-CUBE-AZRTOS-WB.2.0.0
2025-05-03 11:10:34,024 [WARN] ConditionMgr:1039 - genDependencies : Invalid condition id : UX DEVICE CLASS RTOS Condition cause : null
2025-05-03 11:10:34,024 [WARN] ConditionMgr:1039 - genDependencies : Invalid condition id : UX DEVICE CLASS RTOS Condition cause : null
2025-05-03 11:10:34,025 [WARN] ConditionMgr:1039 - genDependencies : Invalid condition id : UX DEVICE CLASS RTOS Condition cause : null
2025-05-03 11:10:34,025 [WARN] ConditionMgr:1039 - genDependencies : Invalid condition id : UX DEVICE CLASS RTOS Condition cause : null
2025-05-03 11:10:34,026 [WARN] ConditionMgr:1039 - genDependencies : Invalid condition id : UX DEVICE CLASS RTOS Condition cause : null
2025-05-03 11:10:34,039 [WARN] PackLoader:240 - Cannot read IP mode file for STMicroelectronics.X-CUBE-GNSS1.7.0.0
2025-05-03 11:10:34,046 [WARN] PackLoader:240 - Cannot read IP mode file for STMicroelectronics.X-CUBE-GNSS1.7.0.1
2025-05-03 11:10:34,052 [WARN] PackLoader:240 - Cannot read IP mode file for STMicroelectronics.X-CUBE-TOUCHGFX.4.25.0
2025-05-03 11:10:34,063 [WARN] PackLoader:240 - Cannot read IP mode file for STMicroelectronics.FP-SNS-STBOX1.2.0.0
2025-05-03 11:10:34,088 [WARN] PackLoader:240 - Cannot read IP mode file for STMicroelectronics.X-CUBE-SUBG2.5.0.0
2025-05-03 11:10:34,136 [WARN] PackLoader:240 - Cannot read IP mode file for STMicroelectronics.X-CUBE-AZRTOS-H7RS.1.1.0
2025-05-03 11:10:34,174 [WARN] PackLoader:240 - Cannot read IP mode file for STMicroelectronics.X-CUBE-AZRTOS-G4.2.0.0
2025-05-03 11:10:34,199 [WARN] PackLoader:240 - Cannot read IP mode file for Infineon.AIROC-Wi-Fi-Bluetooth-STM32.1.5.1
2025-05-03 11:10:34,213 [WARN] PackLoader:240 - Cannot read IP mode file for STMicroelectronics.X-CUBE-NFC7.2.0.0
2025-05-03 11:10:34,222 [WARN] PackLoader:240 - Cannot read IP mode file for STMicroelectronics.FP-SNS-MOTENVWB1.1.3.1
2025-05-03 11:10:34,230 [WARN] PackLoader:240 - Cannot read IP mode file for STMicroelectronics.X-CUBE-ISPU.2.0.0
2025-05-03 11:10:34,244 [ERROR] Engine:466 - C:\Users\pierr\.stm32cubemx\thirdparties\pdsc\STMicroelectronics.X-CUBE-IPS.3.1.0.pdsc: PDSC version is not supported
2025-05-03 11:10:34,252 [WARN] PackLoader:240 - Cannot read IP mode file for STMicroelectronics.X-CUBE-ALS.1.0.2
2025-05-03 11:10:34,325 [WARN] PackLoader:240 - Cannot read IP mode file for STMicroelectronics.X-CUBE-MEMS1.10.0.0
2025-05-03 11:10:34,593 [WARN] PackLoader:240 - Cannot read IP mode file for STMicroelectronics.X-CUBE-FREERTOS.1.1.0
2025-05-03 11:10:34,598 [WARN] PackLoader:240 - Cannot read IP mode file for STMicroelectronics.X-CUBE-TOUCHGFX.4.24.0
2025-05-03 11:10:34,603 [WARN] PackLoader:240 - Cannot read IP mode file for STMicroelectronics.X-CUBE-TOUCHGFX.4.24.2
2025-05-03 11:10:34,608 [WARN] PackLoader:240 - Cannot read IP mode file for STMicroelectronics.X-CUBE-TOUCHGFX.4.24.1
2025-05-03 11:10:34,616 [WARN] PackLoader:240 - Cannot read IP mode file for wolfSSL.I-CUBE-wolfTPM.3.4.0
2025-05-03 11:10:34,630 [WARN] PackLoader:240 - Cannot read IP mode file for portGmbH.I-Cube-SoM-uGOAL.1.1.0
2025-05-03 11:10:34,639 [WARN] PackLoader:240 - Cannot read IP mode file for STMicroelectronics.X-CUBE-ALS.1.0.1
2025-05-03 11:10:34,673 [WARN] PackLoader:240 - Cannot read IP mode file for STMicroelectronics.X-CUBE-AZRTOS-H7RS.1.0.0
2025-05-03 11:10:34,686 [WARN] PackLoader:240 - Cannot read IP mode file for STMicroelectronics.FP-ATR-ASTRA1.2.0.0
2025-05-03 11:10:34,710 [WARN] PackLoader:240 - Cannot read IP mode file for STMicroelectronics.X-CUBE-TOF1.3.4.2
2025-05-03 11:10:34,744 [ERROR] Engine:466 - C:\Users\pierr\.stm32cubemx\thirdparties\pdsc\STMicroelectronics.X-CUBE-TOF1.3.4.3.pdsc: PDSC version is not supported
2025-05-03 11:10:34,763 [WARN] PackLoader:240 - Cannot read IP mode file for STMicroelectronics.X-CUBE-TOF1.3.4.0
2025-05-03 11:10:34,797 [WARN] PackLoader:240 - Cannot read IP mode file for STMicroelectronics.X-CUBE-TOF1.3.4.1
2025-05-03 11:10:34,846 [WARN] PackLoader:240 - Cannot read IP mode file for STMicroelectronics.X-CUBE-AZRTOS-H7.3.2.0
2025-05-03 11:10:34,860 [WARN] PackLoader:240 - Cannot read IP mode file for wolfSSL.I-CUBE-wolfSSH.1.4.17
2025-05-03 11:10:34,862 [INFO] ThirdParty:978 - Integrity check success = true
2025-05-03 11:10:34,862 [INFO] IntegrityCheckThread:100 - exiting critical section [integrity check]
2025-05-03 11:10:34,862 [INFO] IntegrityCheckThread:103 - End integrity checks thread
2025-05-03 11:15:58,798 [ERROR] LogOutputStream:75 - [STDERR_REDIRECT] 
2025-05-03 11:15:58,801 [ERROR] LogOutputStream:75 - [STDERR_REDIRECT] 
